<?xml version="1.0" encoding="UTF-8"?>
<!-- Generated by org.testng.reporters.JUnitReportReporter -->
<testsuite hostname="Blue-PC" name="com.svejo.register.UsernameTests" tests="4" failures="0" timestamp="24 Jul 2016 12:26:59 GMT" time="30.324" errors="0">
  <testcase name="wrongUsername1" time="7.602" classname="com.svejo.register.UsernameTests"/>
  <testcase name="usernameWith1Char" time="7.032" classname="com.svejo.register.UsernameTests"/>
  <testcase name="usernameMoreThat30Char" time="8.642" classname="com.svejo.register.UsernameTests"/>
  <testcase name="wrongUsername2" time="7.048" classname="com.svejo.register.UsernameTests"/>
</testsuite> <!-- com.svejo.register.UsernameTests -->
