<?xml version="1.0" encoding="UTF-8"?>
<!-- Generated by org.testng.reporters.JUnitReportReporter -->
<testsuite hostname="Blue-PC" name="com.svejo.register.RegisterTest" tests="1" failures="0" timestamp="24 Jul 2016 12:26:59 GMT" time="11.012" errors="0">
  <testcase name="testRegisterStraigthCase" time="11.012" classname="com.svejo.register.RegisterTest"/>
</testsuite> <!-- com.svejo.register.RegisterTest -->
